0 info it worked if it ends with ok
1 verbose cli [ '/usr/bin/node',
1 verbose cli   '/usr/bin/npm',
1 verbose cli   'install',
1 verbose cli   '--save',
1 verbose cli   'cors',
1 verbose cli   'express,',
1 verbose cli   'monk,',
1 verbose cli   'morgan' ]
2 info using npm@1.4.21
3 info using node@v8.11.1
4 warn package.json backEnd@0.0.0 No description
5 warn package.json backEnd@0.0.0 No repository field.
6 warn package.json backEnd@0.0.0 No README data
7 verbose readDependencies using package.json deps
8 verbose cache add [ 'cors', null ]
9 verbose cache add name=undefined spec="cors" args=["cors",null]
10 verbose parsed url Url {
10 verbose parsed url   protocol: null,
10 verbose parsed url   slashes: null,
10 verbose parsed url   auth: null,
10 verbose parsed url   host: null,
10 verbose parsed url   port: null,
10 verbose parsed url   hostname: null,
10 verbose parsed url   hash: null,
10 verbose parsed url   search: null,
10 verbose parsed url   query: null,
10 verbose parsed url   pathname: 'cors',
10 verbose parsed url   path: 'cors',
10 verbose parsed url   href: 'cors' }
11 verbose cache add [ 'express,', null ]
12 verbose cache add name=undefined spec="express," args=["express,",null]
13 verbose parsed url Url {
13 verbose parsed url   protocol: null,
13 verbose parsed url   slashes: null,
13 verbose parsed url   auth: null,
13 verbose parsed url   host: null,
13 verbose parsed url   port: null,
13 verbose parsed url   hostname: null,
13 verbose parsed url   hash: null,
13 verbose parsed url   search: null,
13 verbose parsed url   query: null,
13 verbose parsed url   pathname: 'express,',
13 verbose parsed url   path: 'express,',
13 verbose parsed url   href: 'express,' }
14 verbose cache add [ 'monk,', null ]
15 verbose cache add name=undefined spec="monk," args=["monk,",null]
16 verbose parsed url Url {
16 verbose parsed url   protocol: null,
16 verbose parsed url   slashes: null,
16 verbose parsed url   auth: null,
16 verbose parsed url   host: null,
16 verbose parsed url   port: null,
16 verbose parsed url   hostname: null,
16 verbose parsed url   hash: null,
16 verbose parsed url   search: null,
16 verbose parsed url   query: null,
16 verbose parsed url   pathname: 'monk,',
16 verbose parsed url   path: 'monk,',
16 verbose parsed url   href: 'monk,' }
17 verbose cache add [ 'morgan', null ]
18 verbose cache add name=undefined spec="morgan" args=["morgan",null]
19 verbose parsed url Url {
19 verbose parsed url   protocol: null,
19 verbose parsed url   slashes: null,
19 verbose parsed url   auth: null,
19 verbose parsed url   host: null,
19 verbose parsed url   port: null,
19 verbose parsed url   hostname: null,
19 verbose parsed url   hash: null,
19 verbose parsed url   search: null,
19 verbose parsed url   query: null,
19 verbose parsed url   pathname: 'morgan',
19 verbose parsed url   path: 'morgan',
19 verbose parsed url   href: 'morgan' }
20 silly lockFile 3b1b74c9-cors cors
21 verbose lock cors /home/pi/.npm/3b1b74c9-cors.lock
22 silly lockFile 02e2600c-express express,
23 verbose lock express, /home/pi/.npm/02e2600c-express.lock
24 silly lockFile 5823533f-monk monk,
25 verbose lock monk, /home/pi/.npm/5823533f-monk.lock
26 silly lockFile 519bc3f0-morgan morgan
27 verbose lock morgan /home/pi/.npm/519bc3f0-morgan.lock
28 silly lockFile 3b1b74c9-cors cors
29 silly lockFile 3b1b74c9-cors cors
30 silly lockFile 02e2600c-express express,
31 silly lockFile 02e2600c-express express,
32 silly lockFile 5823533f-monk monk,
33 silly lockFile 5823533f-monk monk,
34 silly lockFile 519bc3f0-morgan morgan
35 silly lockFile 519bc3f0-morgan morgan
36 verbose addNamed [ 'cors', '' ]
37 verbose addNamed [ null, '*' ]
38 silly lockFile 9fcb5857-cors cors@
39 verbose lock cors@ /home/pi/.npm/9fcb5857-cors.lock
40 verbose addNamed [ 'express,', '' ]
41 verbose addNamed [ null, '*' ]
42 silly lockFile a82e5fbd-express express,@
43 verbose lock express,@ /home/pi/.npm/a82e5fbd-express.lock
44 verbose addNamed [ 'monk,', '' ]
45 verbose addNamed [ null, '*' ]
46 silly lockFile e540c2ba-monk monk,@
47 verbose lock monk,@ /home/pi/.npm/e540c2ba-monk.lock
48 verbose addNamed [ 'morgan', '' ]
49 verbose addNamed [ null, '*' ]
50 silly lockFile aca3bbc6-morgan morgan@
51 verbose lock morgan@ /home/pi/.npm/aca3bbc6-morgan.lock
52 silly addNameRange { name: 'cors', range: '*', hasData: false }
53 silly addNameRange { name: 'express,', range: '*', hasData: false }
54 silly addNameRange { name: 'monk,', range: '*', hasData: false }
55 silly addNameRange { name: 'morgan', range: '*', hasData: false }
56 verbose request where is /cors
57 verbose request registry https://registry.npmjs.org/
58 verbose request id bba7f76350deb22b
59 verbose url raw /cors
60 verbose url resolving [ 'https://registry.npmjs.org/', './cors' ]
61 verbose url resolved https://registry.npmjs.org/cors
62 verbose request where is https://registry.npmjs.org/cors
63 info trying registry request attempt 1 at 11:54:29
64 http GET https://registry.npmjs.org/cors
65 verbose request where is /express,
66 verbose request registry https://registry.npmjs.org/
67 verbose url raw /express,
68 verbose url resolving [ 'https://registry.npmjs.org/', './express%2C' ]
69 verbose url resolved https://registry.npmjs.org/express%2C
70 verbose request where is https://registry.npmjs.org/express%2C
71 info trying registry request attempt 1 at 11:54:29
72 http GET https://registry.npmjs.org/express%2C
73 verbose request where is /monk,
74 verbose request registry https://registry.npmjs.org/
75 verbose url raw /monk,
76 verbose url resolving [ 'https://registry.npmjs.org/', './monk%2C' ]
77 verbose url resolved https://registry.npmjs.org/monk%2C
78 verbose request where is https://registry.npmjs.org/monk%2C
79 info trying registry request attempt 1 at 11:54:29
80 http GET https://registry.npmjs.org/monk%2C
81 verbose request where is /morgan
82 verbose request registry https://registry.npmjs.org/
83 verbose url raw /morgan
84 verbose url resolving [ 'https://registry.npmjs.org/', './morgan' ]
85 verbose url resolved https://registry.npmjs.org/morgan
86 verbose request where is https://registry.npmjs.org/morgan
87 info trying registry request attempt 1 at 11:54:29
88 http GET https://registry.npmjs.org/morgan
89 http 200 https://registry.npmjs.org/cors
90 silly registry.get cb [ 200,
90 silly registry.get   { date: 'Wed, 30 Jan 2019 10:54:29 GMT',
90 silly registry.get     'content-type': 'application/json',
90 silly registry.get     'transfer-encoding': 'chunked',
90 silly registry.get     connection: 'close',
90 silly registry.get     'set-cookie':
90 silly registry.get      [ '__cfduid=d8392c72c39110a6590a2c0f25e978ec61548845669; expires=Thu, 30-Jan-20 10:54:29 GMT; path=/; domain=.registry.npmjs.org; HttpOnly' ],
90 silly registry.get     'cf-cache-status': 'HIT',
90 silly registry.get     'cache-control': 'max-age=300',
90 silly registry.get     'cf-ray': '4a13669cdb4bc67d-MAD',
90 silly registry.get     etag: 'W/"a8f9985ebf311347519efb088f1b0149"',
90 silly registry.get     'expect-ct': 'max-age=604800, report-uri="https://report-uri.cloudflare.com/cdn-cgi/beacon/expect-ct"',
90 silly registry.get     'last-modified': 'Tue, 01 Jan 2019 16:33:14 GMT',
90 silly registry.get     vary: 'accept-encoding, accept',
90 silly registry.get     'x-amz-meta-rev': '363-aa409d7f82da65ca7e2ecb137997e2c1',
90 silly registry.get     server: 'cloudflare',
90 silly registry.get     'content-encoding': 'gzip' } ]
91 http 200 https://registry.npmjs.org/morgan
92 silly registry.get cb [ 200,
92 silly registry.get   { date: 'Wed, 30 Jan 2019 10:54:29 GMT',
92 silly registry.get     'content-type': 'application/json',
92 silly registry.get     'transfer-encoding': 'chunked',
92 silly registry.get     connection: 'close',
92 silly registry.get     'set-cookie':
92 silly registry.get      [ '__cfduid=d82a2ab6b832dc1a262b66e5c087e193b1548845669; expires=Thu, 30-Jan-20 10:54:29 GMT; path=/; domain=.registry.npmjs.org; HttpOnly' ],
92 silly registry.get     'cf-cache-status': 'HIT',
92 silly registry.get     'cache-control': 'max-age=300',
92 silly registry.get     'cf-ray': '4a13669d58d3c685-MAD',
92 silly registry.get     etag: 'W/"6fbd4cf38b5184ff56eb1741a5315a65"',
92 silly registry.get     'expect-ct': 'max-age=604800, report-uri="https://report-uri.cloudflare.com/cdn-cgi/beacon/expect-ct"',
92 silly registry.get     'last-modified': 'Fri, 04 Jan 2019 20:33:39 GMT',
92 silly registry.get     vary: 'accept-encoding, accept',
92 silly registry.get     'x-amz-meta-rev': '533-4a38b9c77de34b9c10eb799734eef037',
92 silly registry.get     server: 'cloudflare',
92 silly registry.get     'content-encoding': 'gzip' } ]
93 silly addNameRange number 2 { name: 'cors', range: '*', hasData: true }
94 silly addNameRange versions [ 'cors',
94 silly addNameRange   [ '0.0.1',
94 silly addNameRange     '0.0.2',
94 silly addNameRange     '0.0.3',
94 silly addNameRange     '0.0.4',
94 silly addNameRange     '0.0.5',
94 silly addNameRange     '0.1.0',
94 silly addNameRange     '0.1.1',
94 silly addNameRange     '1.0.0',
94 silly addNameRange     '1.0.1',
94 silly addNameRange     '2.0.0',
94 silly addNameRange     '2.1.0',
94 silly addNameRange     '2.1.1',
94 silly addNameRange     '2.2.0',
94 silly addNameRange     '2.3.0',
94 silly addNameRange     '2.3.1',
94 silly addNameRange     '2.3.2',
94 silly addNameRange     '2.4.0',
94 silly addNameRange     '2.4.1',
94 silly addNameRange     '2.4.2',
94 silly addNameRange     '2.5.0',
94 silly addNameRange     '2.5.1',
94 silly addNameRange     '2.5.2',
94 silly addNameRange     '2.5.3',
94 silly addNameRange     '2.6.0',
94 silly addNameRange     '2.6.1',
94 silly addNameRange     '2.7.0',
94 silly addNameRange     '2.7.1',
94 silly addNameRange     '2.7.2',
94 silly addNameRange     '2.8.0',
94 silly addNameRange     '2.8.1',
94 silly addNameRange     '2.8.2',
94 silly addNameRange     '2.8.3',
94 silly addNameRange     '2.8.4',
94 silly addNameRange     '2.8.5' ] ]
95 verbose addNamed [ 'cors', '2.8.5' ]
96 verbose addNamed [ '2.8.5', '2.8.5' ]
97 silly lockFile a8009a5b-cors-2-8-5 cors@2.8.5
98 verbose lock cors@2.8.5 /home/pi/.npm/a8009a5b-cors-2-8-5.lock
99 silly lockFile 1889c66d-ry-npmjs-org-cors-cors-2-8-5-tgz https://registry.npmjs.org/cors/-/cors-2.8.5.tgz
100 verbose lock https://registry.npmjs.org/cors/-/cors-2.8.5.tgz /home/pi/.npm/1889c66d-ry-npmjs-org-cors-cors-2-8-5-tgz.lock
101 verbose addRemoteTarball [ 'https://registry.npmjs.org/cors/-/cors-2.8.5.tgz',
101 verbose addRemoteTarball   'eac11da51592dd86b9f06f6e7ac293b3df875d29' ]
102 silly addNameRange number 2 { name: 'morgan', range: '*', hasData: true }
103 silly addNameRange versions [ 'morgan',
103 silly addNameRange   [ '1.0.0',
103 silly addNameRange     '1.0.1',
103 silly addNameRange     '1.1.0',
103 silly addNameRange     '1.1.1',
103 silly addNameRange     '1.2.0',
103 silly addNameRange     '1.2.1',
103 silly addNameRange     '1.2.2',
103 silly addNameRange     '1.2.3',
103 silly addNameRange     '1.3.0',
103 silly addNameRange     '1.3.1',
103 silly addNameRange     '1.3.2',
103 silly addNameRange     '1.4.0',
103 silly addNameRange     '1.4.1',
103 silly addNameRange     '1.5.0',
103 silly addNameRange     '1.5.1',
103 silly addNameRange     '1.5.2',
103 silly addNameRange     '1.5.3',
103 silly addNameRange     '1.6.0',
103 silly addNameRange     '1.6.1',
103 silly addNameRange     '1.7.0',
103 silly addNameRange     '1.8.0',
103 silly addNameRange     '1.8.1',
103 silly addNameRange     '1.8.2',
103 silly addNameRange     '1.9.0',
103 silly addNameRange     '1.9.1' ] ]
104 verbose addNamed [ 'morgan', '1.9.1' ]
105 verbose addNamed [ '1.9.1', '1.9.1' ]
106 silly lockFile a94e4337-morgan-1-9-1 morgan@1.9.1
107 verbose lock morgan@1.9.1 /home/pi/.npm/a94e4337-morgan-1-9-1.lock
108 silly lockFile c80b6545-pmjs-org-morgan-morgan-1-9-1-tgz https://registry.npmjs.org/morgan/-/morgan-1.9.1.tgz
109 verbose lock https://registry.npmjs.org/morgan/-/morgan-1.9.1.tgz /home/pi/.npm/c80b6545-pmjs-org-morgan-morgan-1-9-1-tgz.lock
110 info retry fetch attempt 1 at 11:54:30
111 verbose fetch to= /tmp/npm-22182-1xfPFWxH/registry.npmjs.org/cors/-/cors-2.8.5.tgz
112 verbose addRemoteTarball [ 'https://registry.npmjs.org/morgan/-/morgan-1.9.1.tgz',
112 verbose addRemoteTarball   '0a8d16734a1d9afbc824b99df87e738e58e2da59' ]
113 http GET https://registry.npmjs.org/cors/-/cors-2.8.5.tgz
114 info retry fetch attempt 1 at 11:54:30
115 verbose fetch to= /tmp/npm-22182-1xfPFWxH/registry.npmjs.org/morgan/-/morgan-1.9.1.tgz
116 http GET https://registry.npmjs.org/morgan/-/morgan-1.9.1.tgz
117 http 200 https://registry.npmjs.org/cors/-/cors-2.8.5.tgz
118 http 200 https://registry.npmjs.org/morgan/-/morgan-1.9.1.tgz
119 silly lockFile 1889c66d-ry-npmjs-org-cors-cors-2-8-5-tgz https://registry.npmjs.org/cors/-/cors-2.8.5.tgz
120 silly lockFile 1889c66d-ry-npmjs-org-cors-cors-2-8-5-tgz https://registry.npmjs.org/cors/-/cors-2.8.5.tgz
121 silly lockFile a8009a5b-cors-2-8-5 cors@2.8.5
122 silly lockFile a8009a5b-cors-2-8-5 cors@2.8.5
123 silly lockFile 9fcb5857-cors cors@
124 silly lockFile 9fcb5857-cors cors@
125 silly lockFile c80b6545-pmjs-org-morgan-morgan-1-9-1-tgz https://registry.npmjs.org/morgan/-/morgan-1.9.1.tgz
126 silly lockFile c80b6545-pmjs-org-morgan-morgan-1-9-1-tgz https://registry.npmjs.org/morgan/-/morgan-1.9.1.tgz
127 silly lockFile a94e4337-morgan-1-9-1 morgan@1.9.1
128 silly lockFile a94e4337-morgan-1-9-1 morgan@1.9.1
129 silly lockFile aca3bbc6-morgan morgan@
130 silly lockFile aca3bbc6-morgan morgan@
131 http 404 https://registry.npmjs.org/express%2C
132 verbose headers { date: 'Wed, 30 Jan 2019 10:54:30 GMT',
132 verbose headers   'content-type': 'application/json',
132 verbose headers   'content-length': '21',
132 verbose headers   connection: 'close',
132 verbose headers   'set-cookie':
132 verbose headers    [ '__cfduid=d07fee4aa721826b717b0e44b74c4cfab1548845669; expires=Thu, 30-Jan-20 10:54:29 GMT; path=/; domain=.registry.npmjs.org; HttpOnly' ],
132 verbose headers   'cf-cache-status': 'MISS',
132 verbose headers   'cache-control': 'max-age=300',
132 verbose headers   'cf-ray': '4a13669d5c01c669-MAD',
132 verbose headers   'expect-ct': 'max-age=604800, report-uri="https://report-uri.cloudflare.com/cdn-cgi/beacon/expect-ct"',
132 verbose headers   vary: 'accept-encoding, accept',
132 verbose headers   server: 'cloudflare' }
133 silly registry.get cb [ 404,
133 silly registry.get   { date: 'Wed, 30 Jan 2019 10:54:30 GMT',
133 silly registry.get     'content-type': 'application/json',
133 silly registry.get     'content-length': '21',
133 silly registry.get     connection: 'close',
133 silly registry.get     'set-cookie':
133 silly registry.get      [ '__cfduid=d07fee4aa721826b717b0e44b74c4cfab1548845669; expires=Thu, 30-Jan-20 10:54:29 GMT; path=/; domain=.registry.npmjs.org; HttpOnly' ],
133 silly registry.get     'cf-cache-status': 'MISS',
133 silly registry.get     'cache-control': 'max-age=300',
133 silly registry.get     'cf-ray': '4a13669d5c01c669-MAD',
133 silly registry.get     'expect-ct': 'max-age=604800, report-uri="https://report-uri.cloudflare.com/cdn-cgi/beacon/expect-ct"',
133 silly registry.get     vary: 'accept-encoding, accept',
133 silly registry.get     server: 'cloudflare' } ]
134 silly lockFile a82e5fbd-express express,@
135 silly lockFile a82e5fbd-express express,@
136 error Error: Not found : express%2C
136 error     at RegClient.<anonymous> (/usr/share/npm/node_modules/npm-registry-client/lib/request.js:300:14)
136 error     at Request._callback (/usr/share/npm/node_modules/npm-registry-client/lib/request.js:238:65)
136 error     at Request.self.callback (/usr/lib/nodejs/request/index.js:148:22)
136 error     at emitTwo (events.js:126:13)
136 error     at Request.emit (events.js:214:7)
136 error     at Request.<anonymous> (/usr/lib/nodejs/request/index.js:896:14)
136 error     at emitOne (events.js:121:20)
136 error     at Request.emit (events.js:211:7)
136 error     at IncomingMessage.<anonymous> (/usr/lib/nodejs/request/index.js:847:12)
136 error     at emitNone (events.js:111:20)
137 error If you need help, you may report this *entire* log,
137 error including the npm and node versions, at:
137 error     <http://github.com/npm/npm/issues>
138 error System Linux 4.14.79-v7+
139 error command "/usr/bin/node" "/usr/bin/npm" "install" "--save" "cors" "express," "monk," "morgan"
140 error cwd /home/pi/Desktop/twitterProject/backEnd
141 error node -v v8.11.1
142 error npm -v 1.4.21
143 verbose exit [ 1, true ]
